[debug] [2023-06-18T20:57:37.614Z] ----------------------------------------------------------------------
[debug] [2023-06-18T20:57:37.618Z] Command:       /opt/homebrew/Cellar/node/20.2.0/bin/node /opt/homebrew/bin/firebase functions:shell
[debug] [2023-06-18T20:57:37.619Z] CLI Version:   12.3.1
[debug] [2023-06-18T20:57:37.619Z] Platform:      darwin
[debug] [2023-06-18T20:57:37.619Z] Node Version:  v20.2.0
[debug] [2023-06-18T20:57:37.619Z] Time:          Sun Jun 18 2023 15:57:37 GMT-0500 (Central Daylight Time)
[debug] [2023-06-18T20:57:37.619Z] ----------------------------------------------------------------------
[debug] 
[debug] [2023-06-18T20:57:37.659Z] > command requires scopes: ["email","openid","https://www.googleapis.com/auth/cloudplatformprojects.readonly","https://www.googleapis.com/auth/firebase","https://www.googleapis.com/auth/cloud-platform"]
[debug] [2023-06-18T20:57:37.660Z] > authorizing via signed-in user (sujith.alluru1108@gmail.com)
[debug] [2023-06-18T20:57:37.660Z] [iam] checking project campapp-388922 for permissions ["firebase.projects.get"]
[debug] [2023-06-18T20:57:37.660Z] > refreshing access token with scopes: []
[debug] [2023-06-18T20:57:37.661Z] >>> [apiv2][query] POST https://www.googleapis.com/oauth2/v3/token [none]
[debug] [2023-06-18T20:57:37.661Z] >>> [apiv2][body] POST https://www.googleapis.com/oauth2/v3/token [omitted]
[debug] [2023-06-18T20:57:37.815Z] <<< [apiv2][status] POST https://www.googleapis.com/oauth2/v3/token 200
[debug] [2023-06-18T20:57:37.815Z] <<< [apiv2][body] POST https://www.googleapis.com/oauth2/v3/token [omitted]
[debug] [2023-06-18T20:57:37.834Z] >>> [apiv2][query] POST https://cloudresourcemanager.googleapis.com/v1/projects/campapp-388922:testIamPermissions [none]
[debug] [2023-06-18T20:57:37.834Z] >>> [apiv2][(partial)header] POST https://cloudresourcemanager.googleapis.com/v1/projects/campapp-388922:testIamPermissions x-goog-quota-user=projects/campapp-388922
[debug] [2023-06-18T20:57:37.834Z] >>> [apiv2][body] POST https://cloudresourcemanager.googleapis.com/v1/projects/campapp-388922:testIamPermissions {"permissions":["firebase.projects.get"]}
[debug] [2023-06-18T20:57:38.001Z] <<< [apiv2][status] POST https://cloudresourcemanager.googleapis.com/v1/projects/campapp-388922:testIamPermissions 200
[debug] [2023-06-18T20:57:38.002Z] <<< [apiv2][body] POST https://cloudresourcemanager.googleapis.com/v1/projects/campapp-388922:testIamPermissions {"permissions":["firebase.projects.get"]}
[warn] ⚠  functions: Functions Emulator unable to start on port 5000, starting on 5001 instead. {"metadata":{"emulator":{"name":"functions"},"message":"Functions Emulator unable to start on port 5000, starting on 5001 instead."}}
[debug] [2023-06-18T20:57:38.139Z] [functions] Functions Emulator only supports listening on one address (127.0.0.1). Not listening on ::1
[debug] [2023-06-18T20:57:38.140Z] defaultcredentials: writing to file /Users/sujithalluru/.config/firebase/sujith_alluru1108_gmail.com_application_default_credentials.json
[debug] [2023-06-18T20:57:38.140Z] DEBUG: Setting GAC to /Users/sujithalluru/.config/firebase/sujith_alluru1108_gmail.com_application_default_credentials.json
[debug] [2023-06-18T20:57:38.140Z] >>> [apiv2][query] GET https://firebase.googleapis.com/v1beta1/projects/campapp-388922/adminSdkConfig [none]
[debug] [2023-06-18T20:57:38.346Z] <<< [apiv2][status] GET https://firebase.googleapis.com/v1beta1/projects/campapp-388922/adminSdkConfig 200
[debug] [2023-06-18T20:57:38.346Z] <<< [apiv2][body] GET https://firebase.googleapis.com/v1beta1/projects/campapp-388922/adminSdkConfig {"projectId":"campapp-388922","storageBucket":"campapp-388922.appspot.com"}
[debug] [2023-06-18T20:57:38.359Z] [functions] Watching "/Users/sujithalluru/campCampApp/functions" for Cloud Functions...
[debug] [2023-06-18T20:57:38.365Z] Validating nodejs source
[warn] ⚠  functions: package.json indicates an outdated version of firebase-functions. Please upgrade using npm install --save firebase-functions@latest in your functions directory. 
[debug] [2023-06-18T20:57:39.367Z] > [functions] package.json contents: {
  "name": "functions",
  "description": "Cloud Functions for Firebase",
  "scripts": {
    "serve": "firebase emulators:start --only functions",
    "shell": "firebase functions:shell",
    "start": "npm run shell",
    "deploy": "firebase deploy --only functions",
    "logs": "firebase functions:log"
  },
  "engines": {
    "node": "18"
  },
  "main": "index.js",
  "dependencies": {
    "firebase-admin": "^11.8.0",
    "firebase-functions": "^4.3.1",
    "nodemailer": "^6.9.3"
  },
  "devDependencies": {
    "firebase-functions-test": "^3.1.0"
  },
  "private": true
}
[debug] [2023-06-18T20:57:39.368Z] Building nodejs source
[debug] [2023-06-18T20:57:39.368Z] Failed to find version of module node: reached end of search path /Users/sujithalluru/campCampApp/functions/node_modules
[warn] ⚠  functions: Your requested "node" version "18" doesn't match your global version "20". Using node@20 from host. 
[debug] [2023-06-18T20:57:39.370Z] Could not find functions.yaml. Must use http discovery
[debug] [2023-06-18T20:57:39.396Z] Found firebase-functions binary at '/Users/sujithalluru/campCampApp/functions/node_modules/.bin/firebase-functions'
[debug] [2023-06-18T20:57:39.656Z] Serving at port 8614

[debug] [2023-06-18T20:57:39.843Z] Got response from /__/functions.yaml {"endpoints":{"sendNotificationOnWrite":{"platform":"gcfv1","availableMemoryMb":null,"timeoutSeconds":null,"minInstances":null,"maxInstances":null,"ingressSettings":null,"serviceAccountEmail":null,"vpc":null,"eventTrigger":{"eventType":"providers/cloud.firestore/eventTypes/document.create","eventFilters":{"resource":"projects/campapp-388922/databases/(default)/documents/notifications/{notificationId}"},"retry":false},"labels":{},"entryPoint":"sendNotificationOnWrite"},"sendGratitudeOnWrite":{"platform":"gcfv1","availableMemoryMb":null,"timeoutSeconds":null,"minInstances":null,"maxInstances":null,"ingressSettings":null,"serviceAccountEmail":null,"vpc":null,"eventTrigger":{"eventType":"providers/cloud.firestore/eventTypes/document.create","eventFilters":{"resource":"projects/campapp-388922/databases/(default)/documents/gratitudeMessage/{gratitudeMessageId}"},"retry":false},"labels":{},"entryPoint":"sendGratitudeOnWrite"},"sendCodes":{"platform":"gcfv1","availableMemoryMb":null,"timeoutSeconds":null,"minInstances":null,"maxInstances":null,"ingressSettings":null,"serviceAccountEmail":null,"vpc":null,"scheduleTrigger":{"schedule":"every day 00:00","retryConfig":{"retryCount":null,"maxDoublings":null,"maxRetryDuration":null,"maxBackoffDuration":null,"minBackoffDuration":null},"timeZone":null},"labels":{},"entryPoint":"sendCodes"},"validateCode":{"platform":"gcfv1","labels":{},"availableMemoryMb":null,"timeoutSeconds":null,"minInstances":null,"maxInstances":null,"ingressSettings":null,"serviceAccountEmail":null,"vpc":null,"callableTrigger":{},"entryPoint":"validateCode"}},"specVersion":"v1alpha1","requiredAPIs":[{"api":"cloudscheduler.googleapis.com","reason":"Needed for scheduled functions."}]}
[debug] [2023-06-18T20:57:39.849Z] shutdown requested via /__/quitquitquit

[debug] [2023-06-18T20:57:39.855Z] [functions] Loaded functions definitions from source: sendNotificationOnWrite, sendGratitudeOnWrite, sendCodes, validateCode.
[debug] [2023-06-18T20:57:39.855Z] [functions[us-central1-sendNotificationOnWrite]] function ignored because the firestore emulator does not exist or is not running.
[debug] [2023-06-18T20:57:39.855Z] [functions[us-central1-sendGratitudeOnWrite]] function ignored because the firestore emulator does not exist or is not running.
[debug] [2023-06-18T20:57:39.855Z] [functions[us-central1-sendCodes]] function ignored because the pubsub emulator does not exist or is not running.
[debug] [2023-06-18T20:57:39.855Z] [functions[us-central1-validateCode]] http function initialized (http://127.0.0.1:5001/campapp-388922/us-central1/validateCode).
[info] i  functions: Loaded functions: sendNotificationOnWrite, sendGratitudeOnWrite, sendCodes, validateCode 
[warn] ⚠  functions: The following emulators are not running, calls to these services will affect production: firestore, database, pubsub, storage, eventarc 
[debug] [2023-06-18T20:57:59.156Z] [work-queue] {"queuedWork":["/campapp-388922/us-central1/validateCode-2023-06-18T20:57:59.155Z"],"queueLength":1,"runningWork":[],"workRunningCount":0}
[debug] [2023-06-18T20:57:59.158Z] [work-queue] {"queuedWork":[],"queueLength":0,"runningWork":["/campapp-388922/us-central1/validateCode-2023-06-18T20:57:59.155Z"],"workRunningCount":1}
[debug] [2023-06-18T20:57:59.159Z] Accepted request POST /campapp-388922/us-central1/validateCode --> us-central1-validateCode
[debug] [2023-06-18T20:57:59.172Z] DEBUG: [functions] Runtime ready! Sending request!
[debug] [2023-06-18T20:57:59.173Z] DEBUG: [functions] Got req.url=/campapp-388922/us-central1/validateCode, mapping to path=/
[debug] [2023-06-18T20:57:59.176Z] DEBUG: [worker-pool] addWorker(us-central1-validateCode)
[debug] [2023-06-18T20:57:59.177Z] DEBUG: [worker-pool] Adding worker with key us-central1-validateCode, total=1
[debug] [2023-06-18T20:57:59.702Z] DEBUG: [runtime-status] [98047] Resolved module firebase-admin {"declared":true,"installed":true,"version":"11.9.0","resolution":"/Users/sujithalluru/campCampApp/functions/node_modules/firebase-admin/lib/index.js"}
[debug] [2023-06-18T20:57:59.703Z] DEBUG: [runtime-status] [98047] Resolved module firebase-functions {"declared":true,"installed":true,"version":"4.4.0","resolution":"/Users/sujithalluru/campCampApp/functions/node_modules/firebase-functions/lib/v1/index.js"}
[debug] [2023-06-18T20:57:59.703Z] DEBUG: [runtime-status] [98047] Outgoing network have been stubbed. [{"name":"http","status":"mocked"},{"name":"http","status":"mocked"},{"name":"https","status":"mocked"},{"name":"https","status":"mocked"},{"name":"net","status":"mocked"}]
[debug] [2023-06-18T20:57:59.703Z] DEBUG: [runtime-status] [98047] Resolved module firebase-functions {"declared":true,"installed":true,"version":"4.4.0","resolution":"/Users/sujithalluru/campCampApp/functions/node_modules/firebase-functions/lib/v1/index.js"}
[debug] [2023-06-18T20:57:59.815Z] DEBUG: [runtime-status] [98047] Checked functions.config() {"config":{}}
[debug] [2023-06-18T20:57:59.815Z] DEBUG: [runtime-status] [98047] firebase-functions has been stubbed. {"functionsResolution":{"declared":true,"installed":true,"version":"4.4.0","resolution":"/Users/sujithalluru/campCampApp/functions/node_modules/firebase-functions/lib/v1/index.js"}}
[debug] [2023-06-18T20:57:59.815Z] DEBUG: [runtime-status] [98047] Resolved module firebase-functions {"declared":true,"installed":true,"version":"4.4.0","resolution":"/Users/sujithalluru/campCampApp/functions/node_modules/firebase-functions/lib/v1/index.js"}
[debug] [2023-06-18T20:57:59.815Z] DEBUG: [runtime-status] [98047] Resolved module firebase-admin {"declared":true,"installed":true,"version":"11.9.0","resolution":"/Users/sujithalluru/campCampApp/functions/node_modules/firebase-admin/lib/index.js"}
[debug] [2023-06-18T20:57:59.816Z] DEBUG: [runtime-status] [98047] Resolved module firebase-functions {"declared":true,"installed":true,"version":"4.4.0","resolution":"/Users/sujithalluru/campCampApp/functions/node_modules/firebase-functions/lib/v1/index.js"}
[debug] [2023-06-18T20:57:59.816Z] DEBUG: [runtime-status] [98047] firebase-admin has been stubbed. {"adminResolution":{"declared":true,"installed":true,"version":"11.9.0","resolution":"/Users/sujithalluru/campCampApp/functions/node_modules/firebase-admin/lib/index.js"}}
[debug] [2023-06-18T20:57:59.829Z] DEBUG: [runtime-status] [98047] initializeApp(DEFAULT) {"storageBucket":"campapp-388922.appspot.com","projectId":"campapp-388922"}
[debug] [2023-06-18T20:57:59.835Z] DEBUG: [runtime-status] [98047] Functions runtime initialized. {"cwd":"/Users/sujithalluru/campCampApp/functions","node_version":"20.2.0"}
[debug] [2023-06-18T20:57:59.835Z] DEBUG: [runtime-status] [98047] Listening to port: /var/folders/1v/n8lrnsnj7ljf5b0q9vwb6__m0000gn/T/fire_emu_c9ab7b472342a01d.sock
[debug] [2023-06-18T20:57:59.890Z] DEBUG: [worker-us-central1-validateCode-179d5049-f3d2-4324-bed8-512e58cc2f73]: IDLE
[debug] [2023-06-18T20:57:59.891Z] DEBUG: [worker-pool] submitRequest(triggerId=us-central1-validateCode)
[debug] [2023-06-18T20:57:59.891Z] [functions] Beginning execution of "us-central1-validateCode"
[debug] [2023-06-18T20:57:59.891Z] DEBUG: [worker-us-central1-validateCode-179d5049-f3d2-4324-bed8-512e58cc2f73]: BUSY
[info] >  {"verifications":{"app":"MISSING","auth":"MISSING"},"logging.googleapis.com/labels":{"firebase-log-type":"callable-request-verification"},"severity":"DEBUG","message":"Callable request verification passed"} {"user":{"verifications":{"app":"MISSING","auth":"MISSING"},"logging.googleapis.com/labels":{"firebase-log-type":"callable-request-verification"},"severity":"DEBUG","message":"Callable request verification passed"},"metadata":{"emulator":{"name":"functions"},"function":{"name":"us-central1-validateCode"},"extension":{},"message":"\u001b[90m> \u001b[39m {\"verifications\":{\"app\":\"MISSING\",\"auth\":\"MISSING\"},\"logging.googleapis.com/labels\":{\"firebase-log-type\":\"callable-request-verification\"},\"severity\":\"DEBUG\",\"message\":\"Callable request verification passed\"}"}}
[debug] [2023-06-18T20:57:59.900Z] DEBUG: [runtime-status] [98047] No callable functions auth found
[warn] ⚠  functions: The Cloud Firestore emulator is not running, so calls to Firestore will affect production. {"metadata":{"emulator":{"name":"functions"},"function":{"name":"us-central1-validateCode"},"extension":{},"message":"The Cloud Firestore emulator is not running, so calls to Firestore will affect production."}}
[warn] ⚠  Google API requested!
   - URL: "https://oauth2.googleapis.com/token"
   - Be careful, this may be a production service. {"metadata":{"emulator":{"name":"functions"},"function":{"name":"us-central1-validateCode"},"extension":{},"message":"Google API requested!\n   - URL: \"https://oauth2.googleapis.com/token\"\n   - Be careful, this may be a production service."}}
[debug] [2023-06-18T20:58:00.366Z] DEBUG: Finishing up request with event=pause
[debug] [2023-06-18T20:58:00.366Z] [functions] Finished "us-central1-validateCode" in 475.574ms
[debug] [2023-06-18T20:58:00.367Z] DEBUG: [worker-us-central1-validateCode-179d5049-f3d2-4324-bed8-512e58cc2f73]: IDLE
[debug] [2023-06-18T20:58:00.367Z] DEBUG: Finishing up request with event=finish
[debug] [2023-06-18T20:58:00.367Z] DEBUG: Finishing up request with event=close
[debug] [2023-06-18T20:58:00.367Z] [work-queue] {"queuedWork":[],"queueLength":0,"runningWork":[],"workRunningCount":0}
[debug] [2023-06-18T21:00:01.219Z] [work-queue] {"queuedWork":["/campapp-388922/us-central1/validateCode-2023-06-18T21:00:01.219Z"],"queueLength":1,"runningWork":[],"workRunningCount":0}
[debug] [2023-06-18T21:00:01.223Z] [work-queue] {"queuedWork":[],"queueLength":0,"runningWork":["/campapp-388922/us-central1/validateCode-2023-06-18T21:00:01.219Z"],"workRunningCount":1}
[debug] [2023-06-18T21:00:01.223Z] Accepted request POST /campapp-388922/us-central1/validateCode --> us-central1-validateCode
[debug] [2023-06-18T21:00:01.229Z] DEBUG: [functions] Runtime ready! Sending request!
[debug] [2023-06-18T21:00:01.229Z] DEBUG: [functions] Got req.url=/campapp-388922/us-central1/validateCode, mapping to path=/
[debug] [2023-06-18T21:00:01.229Z] DEBUG: [worker-pool] submitRequest(triggerId=us-central1-validateCode)
[debug] [2023-06-18T21:00:01.230Z] [functions] Beginning execution of "us-central1-validateCode"
[debug] [2023-06-18T21:00:01.230Z] DEBUG: [worker-us-central1-validateCode-179d5049-f3d2-4324-bed8-512e58cc2f73]: BUSY
[info] >  {"verifications":{"app":"MISSING","auth":"MISSING"},"logging.googleapis.com/labels":{"firebase-log-type":"callable-request-verification"},"severity":"DEBUG","message":"Callable request verification passed"} {"user":{"verifications":{"app":"MISSING","auth":"MISSING"},"logging.googleapis.com/labels":{"firebase-log-type":"callable-request-verification"},"severity":"DEBUG","message":"Callable request verification passed"},"metadata":{"emulator":{"name":"functions"},"function":{"name":"us-central1-validateCode"},"extension":{},"message":"\u001b[90m> \u001b[39m {\"verifications\":{\"app\":\"MISSING\",\"auth\":\"MISSING\"},\"logging.googleapis.com/labels\":{\"firebase-log-type\":\"callable-request-verification\"},\"severity\":\"DEBUG\",\"message\":\"Callable request verification passed\"}"}}
[debug] [2023-06-18T21:00:01.239Z] DEBUG: [runtime-status] [98047] No callable functions auth found
[debug] [2023-06-18T21:00:01.321Z] DEBUG: Finishing up request with event=pause
[debug] [2023-06-18T21:00:01.321Z] [functions] Finished "us-central1-validateCode" in 91.591ms
[debug] [2023-06-18T21:00:01.321Z] DEBUG: [worker-us-central1-validateCode-179d5049-f3d2-4324-bed8-512e58cc2f73]: IDLE
[debug] [2023-06-18T21:00:01.322Z] DEBUG: Finishing up request with event=finish
[debug] [2023-06-18T21:00:01.322Z] DEBUG: Finishing up request with event=close
[debug] [2023-06-18T21:00:01.322Z] [work-queue] {"queuedWork":[],"queueLength":0,"runningWork":[],"workRunningCount":0}
